c:\users\morligan\desktop\githubprj\cuda\lstm_cuda\build\src\lstm\sentimentanalyzer.dir\debug\vc142.pdb
c:\users\morligan\desktop\githubprj\cuda\lstm_cuda\build\src\lstm\sentimentanalyzer.dir\debug\sentimentanalyzer.obj
c:\users\morligan\desktop\githubprj\cuda\lstm_cuda\build\src\lstm\cmakefiles\sentimentanalyzer.dir\debug\sentimentanalyzer_generated_lstm.cu.obj
c:\users\morligan\desktop\githubprj\cuda\lstm_cuda\build\src\lstm\cmakefiles\sentimentanalyzer.dir\debug\sentimentanalyzer_generated_dataloader.cu.obj
c:\users\morligan\desktop\githubprj\cuda\lstm_cuda\build\src\lstm\cmakefiles\sentimentanalyzer.dir\debug\sentimentanalyzer_generated_basicneuron.cu.obj
c:\users\morligan\desktop\githubprj\cuda\lstm_cuda\build\src\lstm\cmakefiles\sentimentanalyzer.dir\debug\sentimentanalyzer_generated_forgetgate.cu.obj
c:\users\morligan\desktop\githubprj\cuda\lstm_cuda\build\src\lstm\cmakefiles\sentimentanalyzer.dir\debug\sentimentanalyzer_generated_inputgate.cu.obj
c:\users\morligan\desktop\githubprj\cuda\lstm_cuda\build\src\lstm\cmakefiles\sentimentanalyzer.dir\debug\sentimentanalyzer_generated_outputgate.cu.obj
c:\users\morligan\desktop\githubprj\cuda\lstm_cuda\build\src\lstm\cmakefiles\sentimentanalyzer.dir\debug\sentimentanalyzer_generated_modulegate.cu.obj
c:\users\morligan\desktop\githubprj\cuda\lstm_cuda\build\src\lstm\cmakefiles\sentimentanalyzer.dir\debug\sentimentanalyzer_generated_util.cu.obj
c:\users\morligan\desktop\githubprj\cuda\lstm_cuda\build\src\lstm\cmakefiles\sentimentanalyzer.dir\debug\sentimentanalyzer_intermediate_link.obj
c:\users\morligan\desktop\githubprj\cuda\lstm_cuda\build\src\lstm\cmakefiles\generate.stamp
c:\users\morligan\desktop\githubprj\cuda\lstm_cuda\build\bin\debug\sentimentanalyzer.ilk
c:\users\morligan\desktop\githubprj\cuda\lstm_cuda\build\bin\debug\sentimentanalyzer.exe
c:\users\morligan\desktop\githubprj\cuda\lstm_cuda\build\bin\debug\sentimentanalyzer.pdb
c:\users\morligan\desktop\githubprj\cuda\lstm_cuda\build\bin\debug\sentimentanalyzer.lib
c:\users\morligan\desktop\githubprj\cuda\lstm_cuda\build\bin\debug\sentimentanalyzer.exp
c:\users\morligan\desktop\githubprj\cuda\lstm_cuda\build\src\lstm\sentimentanalyzer.dir\debug\sentimen.fa10232c.tlog\cl.command.1.tlog
c:\users\morligan\desktop\githubprj\cuda\lstm_cuda\build\src\lstm\sentimentanalyzer.dir\debug\sentimen.fa10232c.tlog\cl.read.1.tlog
c:\users\morligan\desktop\githubprj\cuda\lstm_cuda\build\src\lstm\sentimentanalyzer.dir\debug\sentimen.fa10232c.tlog\cl.write.1.tlog
c:\users\morligan\desktop\githubprj\cuda\lstm_cuda\build\src\lstm\sentimentanalyzer.dir\debug\sentimen.fa10232c.tlog\custombuild.command.1.tlog
c:\users\morligan\desktop\githubprj\cuda\lstm_cuda\build\src\lstm\sentimentanalyzer.dir\debug\sentimen.fa10232c.tlog\custombuild.read.1.tlog
c:\users\morligan\desktop\githubprj\cuda\lstm_cuda\build\src\lstm\sentimentanalyzer.dir\debug\sentimen.fa10232c.tlog\custombuild.write.1.tlog
c:\users\morligan\desktop\githubprj\cuda\lstm_cuda\build\src\lstm\sentimentanalyzer.dir\debug\sentimen.fa10232c.tlog\link.command.1.tlog
c:\users\morligan\desktop\githubprj\cuda\lstm_cuda\build\src\lstm\sentimentanalyzer.dir\debug\sentimen.fa10232c.tlog\link.read.1.tlog
c:\users\morligan\desktop\githubprj\cuda\lstm_cuda\build\src\lstm\sentimentanalyzer.dir\debug\sentimen.fa10232c.tlog\link.write.1.tlog
c:\users\morligan\desktop\githubprj\cuda\lstm_cuda\build\src\lstm\sentimentanalyzer.dir\debug\sentimen.fa10232c.tlog\sentimentanalyzer.write.1u.tlog
